Determining if the pthread_create exist failed with the following output:
Change Dir: /home/pi/robocon/build/CMakeFiles/CMakeTmp

Run Build Command:"/usr/bin/make" "cmTC_19542/fast"
/usr/bin/make -f CMakeFiles/cmTC_19542.dir/build.make CMakeFiles/cmTC_19542.dir/build
make[1]: Entering directory '/home/pi/robocon/build/CMakeFiles/CMakeTmp'
Building C object CMakeFiles/cmTC_19542.dir/CheckSymbolExists.c.o
/usr/bin/cc     -o CMakeFiles/cmTC_19542.dir/CheckSymbolExists.c.o   -c /home/pi/robocon/build/CMakeFiles/CMakeTmp/CheckSymbolExists.c
Linking C executable cmTC_19542
/usr/bin/cmake -E cmake_link_script CMakeFiles/cmTC_19542.dir/link.txt --verbose=1
/usr/bin/cc       CMakeFiles/cmTC_19542.dir/CheckSymbolExists.c.o  -o cmTC_19542 -rdynamic 
CMakeFiles/cmTC_19542.dir/CheckSymbolExists.c.o: In function `main':
CheckSymbolExists.c:(.text+0x38): undefined reference to `pthread_create'
collect2: error: ld returned 1 exit status
CMakeFiles/cmTC_19542.dir/build.make:97: recipe for target 'cmTC_19542' failed
make[1]: *** [cmTC_19542] Error 1
make[1]: Leaving directory '/home/pi/robocon/build/CMakeFiles/CMakeTmp'
Makefile:126: recipe for target 'cmTC_19542/fast' failed
make: *** [cmTC_19542/fast] Error 2

File /home/pi/robocon/build/CMakeFiles/CMakeTmp/CheckSymbolExists.c:
/* */
#include <pthread.h>

int main(int argc, char** argv)
{
  (void)argv;
#ifndef pthread_create
  return ((int*)(&pthread_create))[argc];
#else
  (void)argc;
  return 0;
#endif
}

Determining if the function pthread_create exists in the pthreads failed with the following output:
Change Dir: /home/pi/robocon/build/CMakeFiles/CMakeTmp

Run Build Command:"/usr/bin/make" "cmTC_faadf/fast"
/usr/bin/make -f CMakeFiles/cmTC_faadf.dir/build.make CMakeFiles/cmTC_faadf.dir/build
make[1]: Entering directory '/home/pi/robocon/build/CMakeFiles/CMakeTmp'
Building C object CMakeFiles/cmTC_faadf.dir/CheckFunctionExists.c.o
/usr/bin/cc    -DCHECK_FUNCTION_EXISTS=pthread_create   -o CMakeFiles/cmTC_faadf.dir/CheckFunctionExists.c.o   -c /usr/share/cmake-3.7/Modules/CheckFunctionExists.c
Linking C executable cmTC_faadf
/usr/bin/cmake -E cmake_link_script CMakeFiles/cmTC_faadf.dir/link.txt --verbose=1
/usr/bin/cc   -DCHECK_FUNCTION_EXISTS=pthread_create    CMakeFiles/cmTC_faadf.dir/CheckFunctionExists.c.o  -o cmTC_faadf -rdynamic -lpthreads 
/usr/bin/ld: cannot find -lpthreads
collect2: error: ld returned 1 exit status
CMakeFiles/cmTC_faadf.dir/build.make:97: recipe for target 'cmTC_faadf' failed
make[1]: *** [cmTC_faadf] Error 1
make[1]: Leaving directory '/home/pi/robocon/build/CMakeFiles/CMakeTmp'
Makefile:126: recipe for target 'cmTC_faadf/fast' failed
make: *** [cmTC_faadf/fast] Error 2


